# JRE version: OpenJDK Runtime Environment Temurin-21.0.9+10 (21.0.9+10) (build 21.0.9+10-LTS)
# Java VM: OpenJDK 64-Bit Server VM Temurin-21.0.9+10 (21.0.9+10-LTS, mixed mode, sharing, tiered, compressed oops, compressed class ptrs, parallel gc, windows-amd64)
GC Precious Log:
 CardTable entry size: 512
 CPUs: 20 total, 20 available
 Memory: 32439M
 Large Page Support: Disabled
 NUMA Support: Disabled
 Compressed Oops: Enabled (32-bit)
 Alignments: Space 512K, Generation 512K, Heap 2M
 Heap Min Capacity: 100M
 Heap Initial Capacity: 100M
 Heap Max Capacity: 2G
 Pre-touch: Disabled
 Parallel Workers: 15
Heap:
 PSYoungGen      total 2560K, used 1367K [0x00000000d5580000, 0x00000000d5900000, 0x0000000100000000)
  eden space 2048K, 52% used [0x00000000d5580000,0x00000000d568dde0,0x00000000d5780000)
  from space 512K, 56% used [0x00000000d5880000,0x00000000d58c8000,0x00000000d5900000)
  to   space 512K, 0% used [0x00000000d5800000,0x00000000d5800000,0x00000000d5880000)
 ParOldGen       total 442368K, used 290795K [0x0000000080000000, 0x000000009b000000, 0x00000000d5580000)
  object space 442368K, 65% used [0x0000000080000000,0x0000000091bfaf48,0x000000009b000000)
 Metaspace       used 69880K, committed 71360K, reserved 1114112K
  class space    used 7948K, committed 8640K, reserved 1048576K
GC Heap History (20 events):
Event: 5288.951 GC heap before
{Heap before GC invocations=1324 (full 3):
 PSYoungGen      total 2560K, used 2432K [0x00000000d5580000, 0x00000000d5900000, 0x0000000100000000)
  eden space 2048K, 100% used [0x00000000d5580000,0x00000000d5780000,0x00000000d5780000)
  from space 512K, 75% used [0x00000000d5880000,0x00000000d58e0000,0x00000000d5900000)
  to   space 512K, 0% used [0x00000000d5800000,0x00000000d5800000,0x00000000d5880000)
 ParOldGen       total 442368K, used 290195K [0x0000000080000000, 0x000000009b000000, 0x00000000d5580000)
  object space 442368K, 65% used [0x0000000080000000,0x0000000091b64f48,0x000000009b000000)
 Metaspace       used 69840K, committed 71360K, reserved 1114112K
  class space    used 7948K, committed 8640K, reserved 1048576K
}
Event: 5288.953 GC heap after
{Heap after GC invocations=1324 (full 3):
 PSYoungGen      total 2560K, used 288K [0x00000000d5580000, 0x00000000d5900000, 0x0000000100000000)
  eden space 2048K, 0% used [0x00000000d5580000,0x00000000d5580000,0x00000000d5780000)
  from space 512K, 56% used [0x00000000d5800000,0x00000000d5848000,0x00000000d5880000)
  to   space 512K, 0% used [0x00000000d5880000,0x00000000d5880000,0x00000000d5900000)
 ParOldGen       total 442368K, used 290251K [0x0000000080000000, 0x000000009b000000, 0x00000000d5580000)
  object space 442368K, 65% used [0x0000000080000000,0x0000000091b72f48,0x000000009b000000)
 Metaspace       used 69840K, committed 71360K, reserved 1114112K
  class space    used 7948K, committed 8640K, reserved 1048576K
}
Event: 5295.122 GC heap before
{Heap before GC invocations=1325 (full 3):
 PSYoungGen      total 2560K, used 2336K [0x00000000d5580000, 0x00000000d5900000, 0x0000000100000000)
  eden space 2048K, 100% used [0x00000000d5580000,0x00000000d5780000,0x00000000d5780000)
  from space 512K, 56% used [0x00000000d5800000,0x00000000d5848000,0x00000000d5880000)
  to   space 512K, 0% used [0x00000000d5880000,0x00000000d5880000,0x00000000d5900000)
 ParOldGen       total 442368K, used 290251K [0x0000000080000000, 0x000000009b000000, 0x00000000d5580000)
  object space 442368K, 65% used [0x0000000080000000,0x0000000091b72f48,0x000000009b000000)
 Metaspace       used 69840K, committed 71360K, reserved 1114112K
  class space    used 7948K, committed 8640K, reserved 1048576K
}
Event: 5295.124 GC heap after
{Heap after GC invocations=1325 (full 3):
 PSYoungGen      total 2560K, used 352K [0x00000000d5580000, 0x00000000d5900000, 0x0000000100000000)
  eden space 2048K, 0% used [0x00000000d5580000,0x00000000d5580000,0x00000000d5780000)
  from space 512K, 68% used [0x00000000d5880000,0x00000000d58d8000,0x00000000d5900000)
  to   space 512K, 0% used [0x00000000d5800000,0x00000000d5800000,0x00000000d5880000)
 ParOldGen       total 442368K, used 290307K [0x0000000080000000, 0x000000009b000000, 0x00000000d5580000)
  object space 442368K, 65% used [0x0000000080000000,0x0000000091b80f48,0x000000009b000000)
 Metaspace       used 69840K, committed 71360K, reserved 1114112K
  class space    used 7948K, committed 8640K, reserved 1048576K
}
Event: 5299.284 GC heap before
{Heap before GC invocations=1326 (full 3):
 PSYoungGen      total 2560K, used 2400K [0x00000000d5580000, 0x00000000d5900000, 0x0000000100000000)
  eden space 2048K, 100% used [0x00000000d5580000,0x00000000d5780000,0x00000000d5780000)
  from space 512K, 68% used [0x00000000d5880000,0x00000000d58d8000,0x00000000d5900000)
  to   space 512K, 0% used [0x00000000d5800000,0x00000000d5800000,0x00000000d5880000)
 ParOldGen       total 442368K, used 290307K [0x0000000080000000, 0x000000009b000000, 0x00000000d5580000)
  object space 442368K, 65% used [0x0000000080000000,0x0000000091b80f48,0x000000009b000000)
 Metaspace       used 69840K, committed 71360K, reserved 1114112K
  class space    used 7948K, committed 8640K, reserved 1048576K
}
Event: 5299.286 GC heap after
{Heap after GC invocations=1326 (full 3):
 PSYoungGen      total 2560K, used 352K [0x00000000d5580000, 0x00000000d5900000, 0x0000000100000000)
  eden space 2048K, 0% used [0x00000000d5580000,0x00000000d5580000,0x00000000d5780000)
  from space 512K, 68% used [0x00000000d5800000,0x00000000d5858000,0x00000000d5880000)
  to   space 512K, 0% used [0x00000000d5880000,0x00000000d5880000,0x00000000d5900000)
 ParOldGen       total 442368K, used 290355K [0x0000000080000000, 0x000000009b000000, 0x00000000d5580000)
  object space 442368K, 65% used [0x0000000080000000,0x0000000091b8cf48,0x000000009b000000)
 Metaspace       used 69840K, committed 71360K, reserved 1114112K
  class space    used 7948K, committed 8640K, reserved 1048576K
}
Event: 5461.345 GC heap before
{Heap before GC invocations=1327 (full 3):
 PSYoungGen      total 2560K, used 2394K [0x00000000d5580000, 0x00000000d5900000, 0x0000000100000000)
  eden space 2048K, 99% used [0x00000000d5580000,0x00000000d577eaa0,0x00000000d5780000)
  from space 512K, 68% used [0x00000000d5800000,0x00000000d5858000,0x00000000d5880000)
  to   space 512K, 0% used [0x00000000d5880000,0x00000000d5880000,0x00000000d5900000)
 ParOldGen       total 442368K, used 290355K [0x0000000080000000, 0x000000009b000000, 0x00000000d5580000)
  object space 442368K, 65% used [0x0000000080000000,0x0000000091b8cf48,0x000000009b000000)
 Metaspace       used 69844K, committed 71360K, reserved 1114112K
  class space    used 7948K, committed 8640K, reserved 1048576K
}
Event: 5461.347 GC heap after
{Heap after GC invocations=1327 (full 3):
 PSYoungGen      total 2560K, used 320K [0x00000000d5580000, 0x00000000d5900000, 0x0000000100000000)
  eden space 2048K, 0% used [0x00000000d5580000,0x00000000d5580000,0x00000000d5780000)
  from space 512K, 62% used [0x00000000d5880000,0x00000000d58d0000,0x00000000d5900000)
  to   space 512K, 0% used [0x00000000d5800000,0x00000000d5800000,0x00000000d5880000)
 ParOldGen       total 442368K, used 290427K [0x0000000080000000, 0x000000009b000000, 0x00000000d5580000)
  object space 442368K, 65% used [0x0000000080000000,0x0000000091b9ef48,0x000000009b000000)
 Metaspace       used 69844K, committed 71360K, reserved 1114112K
  class space    used 7948K, committed 8640K, reserved 1048576K
}
Event: 9312.509 GC heap before
{Heap before GC invocations=1328 (full 3):
 PSYoungGen      total 2560K, used 2368K [0x00000000d5580000, 0x00000000d5900000, 0x0000000100000000)
  eden space 2048K, 100% used [0x00000000d5580000,0x00000000d5780000,0x00000000d5780000)
  from space 512K, 62% used [0x00000000d5880000,0x00000000d58d0000,0x00000000d5900000)
  to   space 512K, 0% used [0x00000000d5800000,0x00000000d5800000,0x00000000d5880000)
 ParOldGen       total 442368K, used 290427K [0x0000000080000000, 0x000000009b000000, 0x00000000d5580000)
  object space 442368K, 65% used [0x0000000080000000,0x0000000091b9ef48,0x000000009b000000)
 Metaspace       used 69877K, committed 71360K, reserved 1114112K
  class space    used 7948K, committed 8640K, reserved 1048576K
}
Event: 9312.540 GC heap after
{Heap after GC invocations=1328 (full 3):
 PSYoungGen      total 2560K, used 352K [0x00000000d5580000, 0x00000000d5900000, 0x0000000100000000)
  eden space 2048K, 0% used [0x00000000d5580000,0x00000000d5580000,0x00000000d5780000)
  from space 512K, 68% used [0x00000000d5800000,0x00000000d5858000,0x00000000d5880000)
  to   space 512K, 0% used [0x00000000d5880000,0x00000000d5880000,0x00000000d5900000)
 ParOldGen       total 442368K, used 290539K [0x0000000080000000, 0x000000009b000000, 0x00000000d5580000)
  object space 442368K, 65% used [0x0000000080000000,0x0000000091bbaf48,0x000000009b000000)
 Metaspace       used 69877K, committed 71360K, reserved 1114112K
  class space    used 7948K, committed 8640K, reserved 1048576K
}
Event: 15529.164 GC heap before
{Heap before GC invocations=1329 (full 3):
 PSYoungGen      total 2560K, used 2400K [0x00000000d5580000, 0x00000000d5900000, 0x0000000100000000)
  eden space 2048K, 100% used [0x00000000d5580000,0x00000000d5780000,0x00000000d5780000)
  from space 512K, 68% used [0x00000000d5800000,0x00000000d5858000,0x00000000d5880000)
  to   space 512K, 0% used [0x00000000d5880000,0x00000000d5880000,0x00000000d5900000)
 ParOldGen       total 442368K, used 290539K [0x0000000080000000, 0x000000009b000000, 0x00000000d5580000)
  object space 442368K, 65% used [0x0000000080000000,0x0000000091bbaf48,0x000000009b000000)
 Metaspace       used 69878K, committed 71360K, reserved 1114112K
  class space    used 7948K, committed 8640K, reserved 1048576K
}
Event: 15529.204 GC heap after
{Heap after GC invocations=1329 (full 3):
 PSYoungGen      total 2560K, used 416K [0x00000000d5580000, 0x00000000d5900000, 0x0000000100000000)
  eden space 2048K, 0% used [0x00000000d5580000,0x00000000d5580000,0x00000000d5780000)
  from space 512K, 81% used [0x00000000d5880000,0x00000000d58e8000,0x00000000d5900000)
  to   space 512K, 0% used [0x00000000d5800000,0x00000000d5800000,0x00000000d5880000)
 ParOldGen       total 442368K, used 290643K [0x0000000080000000, 0x000000009b000000, 0x00000000d5580000)
  object space 442368K, 65% used [0x0000000080000000,0x0000000091bd4f48,0x000000009b000000)
 Metaspace       used 69878K, committed 71360K, reserved 1114112K
  class space    used 7948K, committed 8640K, reserved 1048576K
}
Event: 21829.374 GC heap before
{Heap before GC invocations=1330 (full 3):
 PSYoungGen      total 2560K, used 2464K [0x00000000d5580000, 0x00000000d5900000, 0x0000000100000000)
  eden space 2048K, 100% used [0x00000000d5580000,0x00000000d5780000,0x00000000d5780000)
  from space 512K, 81% used [0x00000000d5880000,0x00000000d58e8000,0x00000000d5900000)
  to   space 512K, 0% used [0x00000000d5800000,0x00000000d5800000,0x00000000d5880000)
 ParOldGen       total 442368K, used 290643K [0x0000000080000000, 0x000000009b000000, 0x00000000d5580000)
  object space 442368K, 65% used [0x0000000080000000,0x0000000091bd4f48,0x000000009b000000)
 Metaspace       used 69880K, committed 71360K, reserved 1114112K
  class space    used 7948K, committed 8640K, reserved 1048576K
}
Event: 21829.406 GC heap after
{Heap after GC invocations=1330 (full 3):
 PSYoungGen      total 2560K, used 416K [0x00000000d5580000, 0x00000000d5900000, 0x0000000100000000)
  eden space 2048K, 0% used [0x00000000d5580000,0x00000000d5580000,0x00000000d5780000)
  from space 512K, 81% used [0x00000000d5800000,0x00000000d5868010,0x00000000d5880000)
  to   space 512K, 0% used [0x00000000d5880000,0x00000000d5880000,0x00000000d5900000)
 ParOldGen       total 442368K, used 290755K [0x0000000080000000, 0x000000009b000000, 0x00000000d5580000)
  object space 442368K, 65% used [0x0000000080000000,0x0000000091bf0f48,0x000000009b000000)
 Metaspace       used 69880K, committed 71360K, reserved 1114112K
  class space    used 7948K, committed 8640K, reserved 1048576K
}
Event: 29034.638 GC heap before
{Heap before GC invocations=1331 (full 3):
 PSYoungGen      total 2560K, used 2464K [0x00000000d5580000, 0x00000000d5900000, 0x0000000100000000)
  eden space 2048K, 100% used [0x00000000d5580000,0x00000000d5780000,0x00000000d5780000)
  from space 512K, 81% used [0x00000000d5800000,0x00000000d5868010,0x00000000d5880000)
  to   space 512K, 0% used [0x00000000d5880000,0x00000000d5880000,0x00000000d5900000)
 ParOldGen       total 442368K, used 290755K [0x0000000080000000, 0x000000009b000000, 0x00000000d5580000)
  object space 442368K, 65% used [0x0000000080000000,0x0000000091bf0f48,0x000000009b000000)
 Metaspace       used 69880K, committed 71360K, reserved 1114112K
  class space    used 7948K, committed 8640K, reserved 1048576K
}
Event: 29034.715 GC heap after
{Heap after GC invocations=1331 (full 3):
 PSYoungGen      total 2560K, used 256K [0x00000000d5580000, 0x00000000d5900000, 0x0000000100000000)
  eden space 2048K, 0% used [0x00000000d5580000,0x00000000d5580000,0x00000000d5780000)
  from space 512K, 50% used [0x00000000d5880000,0x00000000d58c0000,0x00000000d5900000)
  to   space 512K, 0% used [0x00000000d5800000,0x00000000d5800000,0x00000000d5880000)
 ParOldGen       total 442368K, used 290755K [0x0000000080000000, 0x000000009b000000, 0x00000000d5580000)
  object space 442368K, 65% used [0x0000000080000000,0x0000000091bf0f48,0x000000009b000000)
 Metaspace       used 69880K, committed 71360K, reserved 1114112K
  class space    used 7948K, committed 8640K, reserved 1048576K
}
Event: 63737.329 GC heap before
{Heap before GC invocations=1332 (full 3):
 PSYoungGen      total 2560K, used 2273K [0x00000000d5580000, 0x00000000d5900000, 0x0000000100000000)
  eden space 2048K, 98% used [0x00000000d5580000,0x00000000d5778770,0x00000000d5780000)
  from space 512K, 50% used [0x00000000d5880000,0x00000000d58c0000,0x00000000d5900000)
  to   space 512K, 0% used [0x00000000d5800000,0x00000000d5800000,0x00000000d5880000)
 ParOldGen       total 442368K, used 290755K [0x0000000080000000, 0x000000009b000000, 0x00000000d5580000)
  object space 442368K, 65% used [0x0000000080000000,0x0000000091bf0f48,0x000000009b000000)
 Metaspace       used 69880K, committed 71360K, reserved 1114112K
  class space    used 7948K, committed 8640K, reserved 1048576K
}
Event: 63737.371 GC heap after
{Heap after GC invocations=1332 (full 3):
 PSYoungGen      total 2560K, used 480K [0x00000000d5580000, 0x00000000d5980000, 0x0000000100000000)
  eden space 2048K, 0% used [0x00000000d5580000,0x00000000d5580000,0x00000000d5780000)
  from space 512K, 93% used [0x00000000d5800000,0x00000000d5878000,0x00000000d5880000)
  to   space 1024K, 0% used [0x00000000d5880000,0x00000000d5880000,0x00000000d5980000)
 ParOldGen       total 442368K, used 290755K [0x0000000080000000, 0x000000009b000000, 0x00000000d5580000)
  object space 442368K, 65% used [0x0000000080000000,0x0000000091bf0f48,0x000000009b000000)
 Metaspace       used 69880K, committed 71360K, reserved 1114112K
  class space    used 7948K, committed 8640K, reserved 1048576K
}
Event: 71039.983 GC heap before
{Heap before GC invocations=1333 (full 3):
 PSYoungGen      total 2560K, used 2527K [0x00000000d5580000, 0x00000000d5980000, 0x0000000100000000)
  eden space 2048K, 99% used [0x00000000d5580000,0x00000000d577fc58,0x00000000d5780000)
  from space 512K, 93% used [0x00000000d5800000,0x00000000d5878000,0x00000000d5880000)
  to   space 1024K, 0% used [0x00000000d5880000,0x00000000d5880000,0x00000000d5980000)
 ParOldGen       total 442368K, used 290755K [0x0000000080000000, 0x000000009b000000, 0x00000000d5580000)
  object space 442368K, 65% used [0x0000000080000000,0x0000000091bf0f48,0x000000009b000000)
 Metaspace       used 69880K, committed 71360K, reserved 1114112K
  class space    used 7948K, committed 8640K, reserved 1048576K
}
Event: 71040.047 GC heap after
{Heap after GC invocations=1333 (full 3):
 PSYoungGen      total 2560K, used 288K [0x00000000d5580000, 0x00000000d5900000, 0x0000000100000000)
  eden space 2048K, 0% used [0x00000000d5580000,0x00000000d5580000,0x00000000d5780000)
  from space 512K, 56% used [0x00000000d5880000,0x00000000d58c8000,0x00000000d5900000)
  to   space 512K, 0% used [0x00000000d5800000,0x00000000d5800000,0x00000000d5880000)
 ParOldGen       total 442368K, used 290795K [0x0000000080000000, 0x000000009b000000, 0x00000000d5580000)
  object space 442368K, 65% used [0x0000000080000000,0x0000000091bfaf48,0x000000009b000000)
 Metaspace       used 69880K, committed 71360K, reserved 1114112K
  class space    used 7948K, committed 8640K, reserved 1048576K
}

