# JRE version: OpenJDK Runtime Environment Temurin-21.0.10+7 (21.0.10+7) (build 21.0.10+7-LTS)
# Java VM: OpenJDK 64-Bit Server VM Temurin-21.0.10+7 (21.0.10+7-LTS, mixed mode, sharing, tiered, compressed oops, compressed class ptrs, g1 gc, windows-amd64)
GC Precious Log:
 CardTable entry size: 512
 Card Set container configuration: InlinePtr #cards 5 size 8 Array Of Cards #cards 12 size 40 Howl #buckets 4 coarsen threshold 1843 Howl Bitmap #cards 512 size 80 coarsen threshold 460 Card regions per heap region 1 cards per card region 2048
 CPUs: 20 total, 20 available
 Memory: 32439M
 Large Page Support: Disabled
 NUMA Support: Disabled
 Compressed Oops: Enabled (32-bit)
 Heap Region Size: 1M
 Heap Min Capacity: 256M
 Heap Initial Capacity: 256M
 Heap Max Capacity: 512M
 Pre-touch: Disabled
 Parallel Workers: 15
 Concurrent Workers: 4
 Concurrent Refinement Workers: 15
 Periodic GC: Disabled
Heap:
 garbage-first heap   total 318464K, used 279689K [0x00000000e0000000, 0x0000000100000000)
  region size 1024K, 118 young (120832K), 8 survivors (8192K)
 Metaspace       used 169219K, committed 171968K, reserved 524288K
  class space    used 21421K, committed 22784K, reserved 327680K
GC Heap History (20 events):
Event: 146.423 GC heap before
{Heap before GC invocations=81 (full 0):
 garbage-first heap   total 318464K, used 299615K [0x00000000e0000000, 0x0000000100000000)
  region size 1024K, 127 young (130048K), 11 survivors (11264K)
 Metaspace       used 167047K, committed 169728K, reserved 524288K
  class space    used 21318K, committed 22656K, reserved 327680K
}
Event: 146.428 GC heap after
{Heap after GC invocations=82 (full 0):
 garbage-first heap   total 318464K, used 183198K [0x00000000e0000000, 0x0000000100000000)
  region size 1024K, 11 young (11264K), 11 survivors (11264K)
 Metaspace       used 167047K, committed 169728K, reserved 524288K
  class space    used 21318K, committed 22656K, reserved 327680K
}
Event: 147.074 GC heap before
{Heap before GC invocations=82 (full 0):
 garbage-first heap   total 318464K, used 299934K [0x00000000e0000000, 0x0000000100000000)
  region size 1024K, 125 young (128000K), 11 survivors (11264K)
 Metaspace       used 167048K, committed 169728K, reserved 524288K
  class space    used 21318K, committed 22656K, reserved 327680K
}
Event: 147.079 GC heap after
{Heap after GC invocations=83 (full 0):
 garbage-first heap   total 318464K, used 179457K [0x00000000e0000000, 0x0000000100000000)
  region size 1024K, 9 young (9216K), 9 survivors (9216K)
 Metaspace       used 167048K, committed 169728K, reserved 524288K
  class space    used 21318K, committed 22656K, reserved 327680K
}
Event: 147.526 GC heap before
{Heap before GC invocations=83 (full 0):
 garbage-first heap   total 318464K, used 300289K [0x00000000e0000000, 0x0000000100000000)
  region size 1024K, 127 young (130048K), 9 survivors (9216K)
 Metaspace       used 167048K, committed 169728K, reserved 524288K
  class space    used 21318K, committed 22656K, reserved 327680K
}
Event: 147.531 GC heap after
{Heap after GC invocations=84 (full 0):
 garbage-first heap   total 318464K, used 181032K [0x00000000e0000000, 0x0000000100000000)
  region size 1024K, 11 young (11264K), 11 survivors (11264K)
 Metaspace       used 167048K, committed 169728K, reserved 524288K
  class space    used 21318K, committed 22656K, reserved 327680K
}
Event: 149.214 GC heap before
{Heap before GC invocations=85 (full 0):
 garbage-first heap   total 318464K, used 298792K [0x00000000e0000000, 0x0000000100000000)
  region size 1024K, 127 young (130048K), 11 survivors (11264K)
 Metaspace       used 167077K, committed 169728K, reserved 524288K
  class space    used 21318K, committed 22656K, reserved 327680K
}
Event: 149.218 GC heap after
{Heap after GC invocations=86 (full 0):
 garbage-first heap   total 318464K, used 178070K [0x00000000e0000000, 0x0000000100000000)
  region size 1024K, 13 young (13312K), 13 survivors (13312K)
 Metaspace       used 167077K, committed 169728K, reserved 524288K
  class space    used 21318K, committed 22656K, reserved 327680K
}
Event: 150.104 GC heap before
{Heap before GC invocations=86 (full 0):
 garbage-first heap   total 318464K, used 298902K [0x00000000e0000000, 0x0000000100000000)
  region size 1024K, 132 young (135168K), 13 survivors (13312K)
 Metaspace       used 167077K, committed 169728K, reserved 524288K
  class space    used 21318K, committed 22656K, reserved 327680K
}
Event: 150.108 GC heap after
{Heap after GC invocations=87 (full 0):
 garbage-first heap   total 318464K, used 175532K [0x00000000e0000000, 0x0000000100000000)
  region size 1024K, 10 young (10240K), 10 survivors (10240K)
 Metaspace       used 167077K, committed 169728K, reserved 524288K
  class space    used 21318K, committed 22656K, reserved 327680K
}
Event: 151.077 GC heap before
{Heap before GC invocations=87 (full 0):
 garbage-first heap   total 318464K, used 300460K [0x00000000e0000000, 0x0000000100000000)
  region size 1024K, 132 young (135168K), 10 survivors (10240K)
 Metaspace       used 167077K, committed 169728K, reserved 524288K
  class space    used 21318K, committed 22656K, reserved 327680K
}
Event: 151.080 GC heap after
{Heap after GC invocations=88 (full 0):
 garbage-first heap   total 318464K, used 177101K [0x00000000e0000000, 0x0000000100000000)
  region size 1024K, 10 young (10240K), 10 survivors (10240K)
 Metaspace       used 167077K, committed 169728K, reserved 524288K
  class space    used 21318K, committed 22656K, reserved 327680K
}
Event: 151.927 GC heap before
{Heap before GC invocations=89 (full 0):
 garbage-first heap   total 318464K, used 296909K [0x00000000e0000000, 0x0000000100000000)
  region size 1024K, 130 young (133120K), 10 survivors (10240K)
 Metaspace       used 167077K, committed 169728K, reserved 524288K
  class space    used 21318K, committed 22656K, reserved 327680K
}
Event: 151.929 GC heap after
{Heap after GC invocations=90 (full 0):
 garbage-first heap   total 318464K, used 169423K [0x00000000e0000000, 0x0000000100000000)
  region size 1024K, 4 young (4096K), 4 survivors (4096K)
 Metaspace       used 167077K, committed 169728K, reserved 524288K
  class space    used 21318K, committed 22656K, reserved 327680K
}
Event: 159.665 GC heap before
{Heap before GC invocations=90 (full 0):
 garbage-first heap   total 318464K, used 300495K [0x00000000e0000000, 0x0000000100000000)
  region size 1024K, 132 young (135168K), 4 survivors (4096K)
 Metaspace       used 167325K, committed 169984K, reserved 524288K
  class space    used 21332K, committed 22656K, reserved 327680K
}
Event: 159.668 GC heap after
{Heap after GC invocations=91 (full 0):
 garbage-first heap   total 318464K, used 167328K [0x00000000e0000000, 0x0000000100000000)
  region size 1024K, 7 young (7168K), 7 survivors (7168K)
 Metaspace       used 167325K, committed 169984K, reserved 524288K
  class space    used 21332K, committed 22656K, reserved 327680K
}
Event: 170.710 GC heap before
{Heap before GC invocations=91 (full 0):
 garbage-first heap   total 318464K, used 300448K [0x00000000e0000000, 0x0000000100000000)
  region size 1024K, 137 young (140288K), 7 survivors (7168K)
 Metaspace       used 168334K, committed 171072K, reserved 524288K
  class space    used 21387K, committed 22720K, reserved 327680K
}
Event: 170.712 GC heap after
{Heap after GC invocations=92 (full 0):
 garbage-first heap   total 318464K, used 165051K [0x00000000e0000000, 0x0000000100000000)
  region size 1024K, 5 young (5120K), 5 survivors (5120K)
 Metaspace       used 168334K, committed 171072K, reserved 524288K
  class space    used 21387K, committed 22720K, reserved 327680K
}
Event: 181.770 GC heap before
{Heap before GC invocations=93 (full 0):
 garbage-first heap   total 318464K, used 300219K [0x00000000e0000000, 0x0000000100000000)
  region size 1024K, 137 young (140288K), 5 survivors (5120K)
 Metaspace       used 168898K, committed 171648K, reserved 524288K
  class space    used 21416K, committed 22784K, reserved 327680K
}
Event: 181.773 GC heap after
{Heap after GC invocations=94 (full 0):
 garbage-first heap   total 318464K, used 168073K [0x00000000e0000000, 0x0000000100000000)
  region size 1024K, 8 young (8192K), 8 survivors (8192K)
 Metaspace       used 168898K, committed 171648K, reserved 524288K
  class space    used 21416K, committed 22784K, reserved 327680K
}

