# JRE version: OpenJDK Runtime Environment Temurin-21.0.10+7 (21.0.10+7) (build 21.0.10+7-LTS)
# Java VM: OpenJDK 64-Bit Server VM Temurin-21.0.10+7 (21.0.10+7-LTS, mixed mode, sharing, tiered, compressed oops, compressed class ptrs, parallel gc, windows-amd64)
GC Precious Log:
 CardTable entry size: 512
 CPUs: 20 total, 20 available
 Memory: 32439M
 Large Page Support: Disabled
 NUMA Support: Disabled
 Compressed Oops: Enabled (32-bit)
 Alignments: Space 512K, Generation 512K, Heap 2M
 Heap Min Capacity: 100M
 Heap Initial Capacity: 100M
 Heap Max Capacity: 2G
 Pre-touch: Disabled
 Parallel Workers: 15
Heap:
 PSYoungGen      total 4608K, used 3715K [0x00000000d5580000, 0x00000000d6000000, 0x0000000100000000)
  eden space 4096K, 79% used [0x00000000d5580000,0x00000000d58b0d30,0x00000000d5980000)
  from space 512K, 87% used [0x00000000d5f80000,0x00000000d5ff0000,0x00000000d6000000)
  to   space 512K, 0% used [0x00000000d5f00000,0x00000000d5f00000,0x00000000d5f80000)
 ParOldGen       total 854016K, used 854014K [0x0000000080000000, 0x00000000b4200000, 0x00000000d5580000)
  object space 854016K, 99% used [0x0000000080000000,0x00000000b41ffa20,0x00000000b4200000)
 Metaspace       used 90449K, committed 92352K, reserved 1179648K
  class space    used 10977K, committed 11840K, reserved 1048576K
GC Heap History (20 events):
Event: 433.089 GC heap before
{Heap before GC invocations=1550 (full 3):
 PSYoungGen      total 4608K, used 4384K [0x00000000d5580000, 0x00000000d6000000, 0x0000000100000000)
  eden space 4096K, 100% used [0x00000000d5580000,0x00000000d5980000,0x00000000d5980000)
  from space 512K, 56% used [0x00000000d5f80000,0x00000000d5fc8000,0x00000000d6000000)
  to   space 512K, 0% used [0x00000000d5f00000,0x00000000d5f00000,0x00000000d5f80000)
 ParOldGen       total 853504K, used 853230K [0x0000000080000000, 0x00000000b4180000, 0x00000000d5580000)
  object space 853504K, 99% used [0x0000000080000000,0x00000000b413ba20,0x00000000b4180000)
 Metaspace       used 90325K, committed 92160K, reserved 1179648K
  class space    used 10960K, committed 11776K, reserved 1048576K
}
Event: 433.091 GC heap after
{Heap after GC invocations=1550 (full 3):
 PSYoungGen      total 4608K, used 320K [0x00000000d5580000, 0x00000000d6000000, 0x0000000100000000)
  eden space 4096K, 0% used [0x00000000d5580000,0x00000000d5580000,0x00000000d5980000)
  from space 512K, 62% used [0x00000000d5f00000,0x00000000d5f50000,0x00000000d5f80000)
  to   space 512K, 0% used [0x00000000d5f80000,0x00000000d5f80000,0x00000000d6000000)
 ParOldGen       total 853504K, used 853254K [0x0000000080000000, 0x00000000b4180000, 0x00000000d5580000)
  object space 853504K, 99% used [0x0000000080000000,0x00000000b4141a20,0x00000000b4180000)
 Metaspace       used 90325K, committed 92160K, reserved 1179648K
  class space    used 10960K, committed 11776K, reserved 1048576K
}
Event: 433.200 GC heap before
{Heap before GC invocations=1551 (full 3):
 PSYoungGen      total 4608K, used 4416K [0x00000000d5580000, 0x00000000d6000000, 0x0000000100000000)
  eden space 4096K, 100% used [0x00000000d5580000,0x00000000d5980000,0x00000000d5980000)
  from space 512K, 62% used [0x00000000d5f00000,0x00000000d5f50000,0x00000000d5f80000)
  to   space 512K, 0% used [0x00000000d5f80000,0x00000000d5f80000,0x00000000d6000000)
 ParOldGen       total 853504K, used 853254K [0x0000000080000000, 0x00000000b4180000, 0x00000000d5580000)
  object space 853504K, 99% used [0x0000000080000000,0x00000000b4141a20,0x00000000b4180000)
 Metaspace       used 90333K, committed 92160K, reserved 1179648K
  class space    used 10960K, committed 11776K, reserved 1048576K
}
Event: 433.201 GC heap after
{Heap after GC invocations=1551 (full 3):
 PSYoungGen      total 4608K, used 320K [0x00000000d5580000, 0x00000000d6000000, 0x0000000100000000)
  eden space 4096K, 0% used [0x00000000d5580000,0x00000000d5580000,0x00000000d5980000)
  from space 512K, 62% used [0x00000000d5f80000,0x00000000d5fd0000,0x00000000d6000000)
  to   space 512K, 0% used [0x00000000d5f00000,0x00000000d5f00000,0x00000000d5f80000)
 ParOldGen       total 853504K, used 853334K [0x0000000080000000, 0x00000000b4180000, 0x00000000d5580000)
  object space 853504K, 99% used [0x0000000080000000,0x00000000b4155a20,0x00000000b4180000)
 Metaspace       used 90333K, committed 92160K, reserved 1179648K
  class space    used 10960K, committed 11776K, reserved 1048576K
}
Event: 433.288 GC heap before
{Heap before GC invocations=1552 (full 3):
 PSYoungGen      total 4608K, used 4416K [0x00000000d5580000, 0x00000000d6000000, 0x0000000100000000)
  eden space 4096K, 100% used [0x00000000d5580000,0x00000000d5980000,0x00000000d5980000)
  from space 512K, 62% used [0x00000000d5f80000,0x00000000d5fd0000,0x00000000d6000000)
  to   space 512K, 0% used [0x00000000d5f00000,0x00000000d5f00000,0x00000000d5f80000)
 ParOldGen       total 853504K, used 853334K [0x0000000080000000, 0x00000000b4180000, 0x00000000d5580000)
  object space 853504K, 99% used [0x0000000080000000,0x00000000b4155a20,0x00000000b4180000)
 Metaspace       used 90333K, committed 92160K, reserved 1179648K
  class space    used 10960K, committed 11776K, reserved 1048576K
}
Event: 433.289 GC heap after
{Heap after GC invocations=1552 (full 3):
 PSYoungGen      total 4608K, used 416K [0x00000000d5580000, 0x00000000d6000000, 0x0000000100000000)
  eden space 4096K, 0% used [0x00000000d5580000,0x00000000d5580000,0x00000000d5980000)
  from space 512K, 81% used [0x00000000d5f00000,0x00000000d5f68000,0x00000000d5f80000)
  to   space 512K, 0% used [0x00000000d5f80000,0x00000000d5f80000,0x00000000d6000000)
 ParOldGen       total 853504K, used 853398K [0x0000000080000000, 0x00000000b4180000, 0x00000000d5580000)
  object space 853504K, 99% used [0x0000000080000000,0x00000000b4165a20,0x00000000b4180000)
 Metaspace       used 90333K, committed 92160K, reserved 1179648K
  class space    used 10960K, committed 11776K, reserved 1048576K
}
Event: 436.466 GC heap before
{Heap before GC invocations=1553 (full 3):
 PSYoungGen      total 4608K, used 4512K [0x00000000d5580000, 0x00000000d6000000, 0x0000000100000000)
  eden space 4096K, 100% used [0x00000000d5580000,0x00000000d5980000,0x00000000d5980000)
  from space 512K, 81% used [0x00000000d5f00000,0x00000000d5f68000,0x00000000d5f80000)
  to   space 512K, 0% used [0x00000000d5f80000,0x00000000d5f80000,0x00000000d6000000)
 ParOldGen       total 853504K, used 853398K [0x0000000080000000, 0x00000000b4180000, 0x00000000d5580000)
  object space 853504K, 99% used [0x0000000080000000,0x00000000b4165a20,0x00000000b4180000)
 Metaspace       used 90363K, committed 92288K, reserved 1179648K
  class space    used 10966K, committed 11840K, reserved 1048576K
}
Event: 436.468 GC heap after
{Heap after GC invocations=1553 (full 3):
 PSYoungGen      total 4608K, used 496K [0x00000000d5580000, 0x00000000d6000000, 0x0000000100000000)
  eden space 4096K, 0% used [0x00000000d5580000,0x00000000d5580000,0x00000000d5980000)
  from space 512K, 96% used [0x00000000d5f80000,0x00000000d5ffc010,0x00000000d6000000)
  to   space 1024K, 0% used [0x00000000d5e00000,0x00000000d5e00000,0x00000000d5f00000)
 ParOldGen       total 853504K, used 853470K [0x0000000080000000, 0x00000000b4180000, 0x00000000d5580000)
  object space 853504K, 99% used [0x0000000080000000,0x00000000b4177a20,0x00000000b4180000)
 Metaspace       used 90363K, committed 92288K, reserved 1179648K
  class space    used 10966K, committed 11840K, reserved 1048576K
}
Event: 439.683 GC heap before
{Heap before GC invocations=1554 (full 3):
 PSYoungGen      total 4608K, used 4592K [0x00000000d5580000, 0x00000000d6000000, 0x0000000100000000)
  eden space 4096K, 100% used [0x00000000d5580000,0x00000000d5980000,0x00000000d5980000)
  from space 512K, 96% used [0x00000000d5f80000,0x00000000d5ffc010,0x00000000d6000000)
  to   space 1024K, 0% used [0x00000000d5e00000,0x00000000d5e00000,0x00000000d5f00000)
 ParOldGen       total 853504K, used 853470K [0x0000000080000000, 0x00000000b4180000, 0x00000000d5580000)
  object space 853504K, 99% used [0x0000000080000000,0x00000000b4177a20,0x00000000b4180000)
 Metaspace       used 90368K, committed 92288K, reserved 1179648K
  class space    used 10966K, committed 11840K, reserved 1048576K
}
Event: 439.685 GC heap after
{Heap after GC invocations=1554 (full 3):
 PSYoungGen      total 5120K, used 352K [0x00000000d5580000, 0x00000000d6000000, 0x0000000100000000)
  eden space 4096K, 0% used [0x00000000d5580000,0x00000000d5580000,0x00000000d5980000)
  from space 1024K, 34% used [0x00000000d5e00000,0x00000000d5e58000,0x00000000d5f00000)
  to   space 512K, 0% used [0x00000000d5f80000,0x00000000d5f80000,0x00000000d6000000)
 ParOldGen       total 854016K, used 853590K [0x0000000080000000, 0x00000000b4200000, 0x00000000d5580000)
  object space 854016K, 99% used [0x0000000080000000,0x00000000b4195a20,0x00000000b4200000)
 Metaspace       used 90368K, committed 92288K, reserved 1179648K
  class space    used 10966K, committed 11840K, reserved 1048576K
}
Event: 448.477 GC heap before
{Heap before GC invocations=1555 (full 3):
 PSYoungGen      total 5120K, used 4448K [0x00000000d5580000, 0x00000000d6000000, 0x0000000100000000)
  eden space 4096K, 100% used [0x00000000d5580000,0x00000000d5980000,0x00000000d5980000)
  from space 1024K, 34% used [0x00000000d5e00000,0x00000000d5e58000,0x00000000d5f00000)
  to   space 512K, 0% used [0x00000000d5f80000,0x00000000d5f80000,0x00000000d6000000)
 ParOldGen       total 854016K, used 853590K [0x0000000080000000, 0x00000000b4200000, 0x00000000d5580000)
  object space 854016K, 99% used [0x0000000080000000,0x00000000b4195a20,0x00000000b4200000)
 Metaspace       used 90374K, committed 92288K, reserved 1179648K
  class space    used 10966K, committed 11840K, reserved 1048576K
}
Event: 448.478 GC heap after
{Heap after GC invocations=1555 (full 3):
 PSYoungGen      total 4608K, used 448K [0x00000000d5580000, 0x00000000d6000000, 0x0000000100000000)
  eden space 4096K, 0% used [0x00000000d5580000,0x00000000d5580000,0x00000000d5980000)
  from space 512K, 87% used [0x00000000d5f80000,0x00000000d5ff0000,0x00000000d6000000)
  to   space 512K, 0% used [0x00000000d5f00000,0x00000000d5f00000,0x00000000d5f80000)
 ParOldGen       total 854016K, used 853702K [0x0000000080000000, 0x00000000b4200000, 0x00000000d5580000)
  object space 854016K, 99% used [0x0000000080000000,0x00000000b41b1a20,0x00000000b4200000)
 Metaspace       used 90374K, committed 92288K, reserved 1179648K
  class space    used 10966K, committed 11840K, reserved 1048576K
}
Event: 454.419 GC heap before
{Heap before GC invocations=1556 (full 3):
 PSYoungGen      total 4608K, used 4543K [0x00000000d5580000, 0x00000000d6000000, 0x0000000100000000)
  eden space 4096K, 99% used [0x00000000d5580000,0x00000000d597fff0,0x00000000d5980000)
  from space 512K, 87% used [0x00000000d5f80000,0x00000000d5ff0000,0x00000000d6000000)
  to   space 512K, 0% used [0x00000000d5f00000,0x00000000d5f00000,0x00000000d5f80000)
 ParOldGen       total 854016K, used 853702K [0x0000000080000000, 0x00000000b4200000, 0x00000000d5580000)
  object space 854016K, 99% used [0x0000000080000000,0x00000000b41b1a20,0x00000000b4200000)
 Metaspace       used 90387K, committed 92288K, reserved 1179648K
  class space    used 10967K, committed 11840K, reserved 1048576K
}
Event: 454.422 GC heap after
{Heap after GC invocations=1556 (full 3):
 PSYoungGen      total 4608K, used 352K [0x00000000d5580000, 0x00000000d6000000, 0x0000000100000000)
  eden space 4096K, 0% used [0x00000000d5580000,0x00000000d5580000,0x00000000d5980000)
  from space 512K, 68% used [0x00000000d5f00000,0x00000000d5f58000,0x00000000d5f80000)
  to   space 512K, 0% used [0x00000000d5f80000,0x00000000d5f80000,0x00000000d6000000)
 ParOldGen       total 854016K, used 853758K [0x0000000080000000, 0x00000000b4200000, 0x00000000d5580000)
  object space 854016K, 99% used [0x0000000080000000,0x00000000b41bfa20,0x00000000b4200000)
 Metaspace       used 90387K, committed 92288K, reserved 1179648K
  class space    used 10967K, committed 11840K, reserved 1048576K
}
Event: 463.260 GC heap before
{Heap before GC invocations=1557 (full 3):
 PSYoungGen      total 4608K, used 4448K [0x00000000d5580000, 0x00000000d6000000, 0x0000000100000000)
  eden space 4096K, 100% used [0x00000000d5580000,0x00000000d5980000,0x00000000d5980000)
  from space 512K, 68% used [0x00000000d5f00000,0x00000000d5f58000,0x00000000d5f80000)
  to   space 512K, 0% used [0x00000000d5f80000,0x00000000d5f80000,0x00000000d6000000)
 ParOldGen       total 854016K, used 853758K [0x0000000080000000, 0x00000000b4200000, 0x00000000d5580000)
  object space 854016K, 99% used [0x0000000080000000,0x00000000b41bfa20,0x00000000b4200000)
 Metaspace       used 90389K, committed 92288K, reserved 1179648K
  class space    used 10967K, committed 11840K, reserved 1048576K
}
Event: 463.262 GC heap after
{Heap after GC invocations=1557 (full 3):
 PSYoungGen      total 4608K, used 416K [0x00000000d5580000, 0x00000000d6000000, 0x0000000100000000)
  eden space 4096K, 0% used [0x00000000d5580000,0x00000000d5580000,0x00000000d5980000)
  from space 512K, 81% used [0x00000000d5f80000,0x00000000d5fe8000,0x00000000d6000000)
  to   space 512K, 0% used [0x00000000d5f00000,0x00000000d5f00000,0x00000000d5f80000)
 ParOldGen       total 854016K, used 853798K [0x0000000080000000, 0x00000000b4200000, 0x00000000d5580000)
  object space 854016K, 99% used [0x0000000080000000,0x00000000b41c9a20,0x00000000b4200000)
 Metaspace       used 90389K, committed 92288K, reserved 1179648K
  class space    used 10967K, committed 11840K, reserved 1048576K
}
Event: 467.197 GC heap before
{Heap before GC invocations=1558 (full 3):
 PSYoungGen      total 4608K, used 4511K [0x00000000d5580000, 0x00000000d6000000, 0x0000000100000000)
  eden space 4096K, 99% used [0x00000000d5580000,0x00000000d597fff0,0x00000000d5980000)
  from space 512K, 81% used [0x00000000d5f80000,0x00000000d5fe8000,0x00000000d6000000)
  to   space 512K, 0% used [0x00000000d5f00000,0x00000000d5f00000,0x00000000d5f80000)
 ParOldGen       total 854016K, used 853798K [0x0000000080000000, 0x00000000b4200000, 0x00000000d5580000)
  object space 854016K, 99% used [0x0000000080000000,0x00000000b41c9a20,0x00000000b4200000)
 Metaspace       used 90437K, committed 92352K, reserved 1179648K
  class space    used 10977K, committed 11840K, reserved 1048576K
}
Event: 467.199 GC heap after
{Heap after GC invocations=1558 (full 3):
 PSYoungGen      total 4608K, used 448K [0x00000000d5580000, 0x00000000d6000000, 0x0000000100000000)
  eden space 4096K, 0% used [0x00000000d5580000,0x00000000d5580000,0x00000000d5980000)
  from space 512K, 87% used [0x00000000d5f00000,0x00000000d5f70000,0x00000000d5f80000)
  to   space 512K, 0% used [0x00000000d5f80000,0x00000000d5f80000,0x00000000d6000000)
 ParOldGen       total 854016K, used 853902K [0x0000000080000000, 0x00000000b4200000, 0x00000000d5580000)
  object space 854016K, 99% used [0x0000000080000000,0x00000000b41e3a20,0x00000000b4200000)
 Metaspace       used 90437K, committed 92352K, reserved 1179648K
  class space    used 10977K, committed 11840K, reserved 1048576K
}
Event: 467.285 GC heap before
{Heap before GC invocations=1559 (full 3):
 PSYoungGen      total 4608K, used 4536K [0x00000000d5580000, 0x00000000d6000000, 0x0000000100000000)
  eden space 4096K, 99% used [0x00000000d5580000,0x00000000d597e3b8,0x00000000d5980000)
  from space 512K, 87% used [0x00000000d5f00000,0x00000000d5f70000,0x00000000d5f80000)
  to   space 512K, 0% used [0x00000000d5f80000,0x00000000d5f80000,0x00000000d6000000)
 ParOldGen       total 854016K, used 853902K [0x0000000080000000, 0x00000000b4200000, 0x00000000d5580000)
  object space 854016K, 99% used [0x0000000080000000,0x00000000b41e3a20,0x00000000b4200000)
 Metaspace       used 90442K, committed 92352K, reserved 1179648K
  class space    used 10977K, committed 11840K, reserved 1048576K
}
Event: 467.286 GC heap after
{Heap after GC invocations=1559 (full 3):
 PSYoungGen      total 4608K, used 448K [0x00000000d5580000, 0x00000000d6000000, 0x0000000100000000)
  eden space 4096K, 0% used [0x00000000d5580000,0x00000000d5580000,0x00000000d5980000)
  from space 512K, 87% used [0x00000000d5f80000,0x00000000d5ff0000,0x00000000d6000000)
  to   space 512K, 0% used [0x00000000d5f00000,0x00000000d5f00000,0x00000000d5f80000)
 ParOldGen       total 854016K, used 854014K [0x0000000080000000, 0x00000000b4200000, 0x00000000d5580000)
  object space 854016K, 99% used [0x0000000080000000,0x00000000b41ffa20,0x00000000b4200000)
 Metaspace       used 90442K, committed 92352K, reserved 1179648K
  class space    used 10977K, committed 11840K, reserved 1048576K
}

