# JRE version: OpenJDK Runtime Environment Temurin-21.0.10+7 (21.0.10+7) (build 21.0.10+7-LTS)
# Java VM: OpenJDK 64-Bit Server VM Temurin-21.0.10+7 (21.0.10+7-LTS, mixed mode, sharing, tiered, compressed oops, compressed class ptrs, parallel gc, windows-amd64)
GC Precious Log:
 CardTable entry size: 512
 CPUs: 20 total, 20 available
 Memory: 32439M
 Large Page Support: Disabled
 NUMA Support: Disabled
 Compressed Oops: Enabled (32-bit)
 Alignments: Space 512K, Generation 512K, Heap 2M
 Heap Min Capacity: 100M
 Heap Initial Capacity: 100M
 Heap Max Capacity: 2G
 Pre-touch: Disabled
 Parallel Workers: 15
Heap:
 PSYoungGen      total 13312K, used 13283K [0x00000000d5580000, 0x00000000d6f00000, 0x0000000100000000)
  eden space 8192K, 100% used [0x00000000d5580000,0x00000000d5d80000,0x00000000d5d80000)
  from space 5120K, 99% used [0x00000000d5d80000,0x00000000d6278dd0,0x00000000d6280000)
  to   space 8704K, 18% used [0x00000000d6680000,0x00000000d6814030,0x00000000d6f00000)
 ParOldGen       total 629760K, used 629459K [0x0000000080000000, 0x00000000a6700000, 0x00000000d5580000)
  object space 629760K, 99% used [0x0000000080000000,0x00000000a66b4cb8,0x00000000a6700000)
 Metaspace       used 86850K, committed 88576K, reserved 1179648K
  class space    used 10249K, committed 11008K, reserved 1048576K
GC Heap History (20 events):
Event: 254.358 GC heap after
{Heap after GC invocations=4094 (full 4):
 PSYoungGen      total 3584K, used 1344K [0x00000000d5580000, 0x00000000d5b00000, 0x0000000100000000)
  eden space 2048K, 0% used [0x00000000d5580000,0x00000000d5580000,0x00000000d5780000)
  from space 1536K, 87% used [0x00000000d5980000,0x00000000d5ad0000,0x00000000d5b00000)
  to   space 1536K, 0% used [0x00000000d5800000,0x00000000d5800000,0x00000000d5980000)
 ParOldGen       total 603648K, used 603140K [0x0000000080000000, 0x00000000a4d80000, 0x00000000d5580000)
  object space 603648K, 99% used [0x0000000080000000,0x00000000a4d013f0,0x00000000a4d80000)
 Metaspace       used 85798K, committed 87424K, reserved 1179648K
  class space    used 10155K, committed 10880K, reserved 1048576K
}
Event: 254.366 GC heap before
{Heap before GC invocations=4095 (full 4):
 PSYoungGen      total 3584K, used 3392K [0x00000000d5580000, 0x00000000d5b00000, 0x0000000100000000)
  eden space 2048K, 100% used [0x00000000d5580000,0x00000000d5780000,0x00000000d5780000)
  from space 1536K, 87% used [0x00000000d5980000,0x00000000d5ad0000,0x00000000d5b00000)
  to   space 1536K, 0% used [0x00000000d5800000,0x00000000d5800000,0x00000000d5980000)
 ParOldGen       total 603648K, used 603140K [0x0000000080000000, 0x00000000a4d80000, 0x00000000d5580000)
  object space 603648K, 99% used [0x0000000080000000,0x00000000a4d013f0,0x00000000a4d80000)
 Metaspace       used 85871K, committed 87488K, reserved 1179648K
  class space    used 10159K, committed 10880K, reserved 1048576K
}
Event: 254.398 GC heap after
{Heap after GC invocations=4095 (full 4):
 PSYoungGen      total 4096K, used 1536K [0x00000000d5580000, 0x00000000d5f00000, 0x0000000100000000)
  eden space 2560K, 0% used [0x00000000d5580000,0x00000000d5580000,0x00000000d5800000)
  from space 1536K, 100% used [0x00000000d5800000,0x00000000d5980000,0x00000000d5980000)
  to   space 3584K, 0% used [0x00000000d5b80000,0x00000000d5b80000,0x00000000d5f00000)
 ParOldGen       total 604672K, used 604476K [0x0000000080000000, 0x00000000a4e80000, 0x00000000d5580000)
  object space 604672K, 99% used [0x0000000080000000,0x00000000a4e4f3f0,0x00000000a4e80000)
 Metaspace       used 85871K, committed 87488K, reserved 1179648K
  class space    used 10159K, committed 10880K, reserved 1048576K
}
Event: 254.405 GC heap before
{Heap before GC invocations=4096 (full 4):
 PSYoungGen      total 4096K, used 4096K [0x00000000d5580000, 0x00000000d5f00000, 0x0000000100000000)
  eden space 2560K, 100% used [0x00000000d5580000,0x00000000d5800000,0x00000000d5800000)
  from space 1536K, 100% used [0x00000000d5800000,0x00000000d5980000,0x00000000d5980000)
  to   space 3584K, 0% used [0x00000000d5b80000,0x00000000d5b80000,0x00000000d5f00000)
 ParOldGen       total 604672K, used 604476K [0x0000000080000000, 0x00000000a4e80000, 0x00000000d5580000)
  object space 604672K, 99% used [0x0000000080000000,0x00000000a4e4f3f0,0x00000000a4e80000)
 Metaspace       used 85914K, committed 87552K, reserved 1179648K
  class space    used 10168K, committed 10880K, reserved 1048576K
}
Event: 255.434 GC heap after
{Heap after GC invocations=4096 (full 4):
 PSYoungGen      total 6144K, used 2464K [0x00000000d5580000, 0x00000000d5e80000, 0x0000000100000000)
  eden space 3072K, 0% used [0x00000000d5580000,0x00000000d5580000,0x00000000d5880000)
  from space 3072K, 80% used [0x00000000d5b80000,0x00000000d5de8000,0x00000000d5e80000)
  to   space 3072K, 0% used [0x00000000d5880000,0x00000000d5880000,0x00000000d5b80000)
 ParOldGen       total 606208K, used 606076K [0x0000000080000000, 0x00000000a5000000, 0x00000000d5580000)
  object space 606208K, 99% used [0x0000000080000000,0x00000000a4fdf3f0,0x00000000a5000000)
 Metaspace       used 85914K, committed 87552K, reserved 1179648K
  class space    used 10168K, committed 10880K, reserved 1048576K
}
Event: 255.454 GC heap before
{Heap before GC invocations=4097 (full 4):
 PSYoungGen      total 6144K, used 5536K [0x00000000d5580000, 0x00000000d5e80000, 0x0000000100000000)
  eden space 3072K, 100% used [0x00000000d5580000,0x00000000d5880000,0x00000000d5880000)
  from space 3072K, 80% used [0x00000000d5b80000,0x00000000d5de8000,0x00000000d5e80000)
  to   space 3072K, 0% used [0x00000000d5880000,0x00000000d5880000,0x00000000d5b80000)
 ParOldGen       total 606208K, used 606076K [0x0000000080000000, 0x00000000a5000000, 0x00000000d5580000)
  object space 606208K, 99% used [0x0000000080000000,0x00000000a4fdf3f0,0x00000000a5000000)
 Metaspace       used 85920K, committed 87552K, reserved 1179648K
  class space    used 10169K, committed 10880K, reserved 1048576K
}
Event: 256.488 GC heap after
{Heap after GC invocations=4097 (full 4):
 PSYoungGen      total 6144K, used 3072K [0x00000000d5580000, 0x00000000d6580000, 0x0000000100000000)
  eden space 3072K, 0% used [0x00000000d5580000,0x00000000d5580000,0x00000000d5880000)
  from space 3072K, 100% used [0x00000000d5880000,0x00000000d5b80000,0x00000000d5b80000)
  to   space 6144K, 0% used [0x00000000d5f80000,0x00000000d5f80000,0x00000000d6580000)
 ParOldGen       total 608768K, used 608364K [0x0000000080000000, 0x00000000a5280000, 0x00000000d5580000)
  object space 608768K, 99% used [0x0000000080000000,0x00000000a521b3f0,0x00000000a5280000)
 Metaspace       used 85920K, committed 87552K, reserved 1179648K
  class space    used 10169K, committed 10880K, reserved 1048576K
}
Event: 256.505 GC heap before
{Heap before GC invocations=4098 (full 4):
 PSYoungGen      total 6144K, used 6144K [0x00000000d5580000, 0x00000000d6580000, 0x0000000100000000)
  eden space 3072K, 100% used [0x00000000d5580000,0x00000000d5880000,0x00000000d5880000)
  from space 3072K, 100% used [0x00000000d5880000,0x00000000d5b80000,0x00000000d5b80000)
  to   space 6144K, 0% used [0x00000000d5f80000,0x00000000d5f80000,0x00000000d6580000)
 ParOldGen       total 608768K, used 608364K [0x0000000080000000, 0x00000000a5280000, 0x00000000d5580000)
  object space 608768K, 99% used [0x0000000080000000,0x00000000a521b3f0,0x00000000a5280000)
 Metaspace       used 85937K, committed 87552K, reserved 1179648K
  class space    used 10169K, committed 10880K, reserved 1048576K
}
Event: 256.522 GC heap after
{Heap after GC invocations=4098 (full 4):
 PSYoungGen      total 7168K, used 2786K [0x00000000d5580000, 0x00000000d6280000, 0x0000000100000000)
  eden space 4096K, 0% used [0x00000000d5580000,0x00000000d5580000,0x00000000d5980000)
  from space 3072K, 90% used [0x00000000d5f80000,0x00000000d6238a38,0x00000000d6280000)
  to   space 4096K, 0% used [0x00000000d5a80000,0x00000000d5a80000,0x00000000d5e80000)
 ParOldGen       total 611840K, used 611332K [0x0000000080000000, 0x00000000a5580000, 0x00000000d5580000)
  object space 611840K, 99% used [0x0000000080000000,0x00000000a55013f0,0x00000000a5580000)
 Metaspace       used 85937K, committed 87552K, reserved 1179648K
  class space    used 10169K, committed 10880K, reserved 1048576K
}
Event: 256.542 GC heap before
{Heap before GC invocations=4099 (full 4):
 PSYoungGen      total 7168K, used 6882K [0x00000000d5580000, 0x00000000d6280000, 0x0000000100000000)
  eden space 4096K, 100% used [0x00000000d5580000,0x00000000d5980000,0x00000000d5980000)
  from space 3072K, 90% used [0x00000000d5f80000,0x00000000d6238a38,0x00000000d6280000)
  to   space 4096K, 0% used [0x00000000d5a80000,0x00000000d5a80000,0x00000000d5e80000)
 ParOldGen       total 611840K, used 611332K [0x0000000080000000, 0x00000000a5580000, 0x00000000d5580000)
  object space 611840K, 99% used [0x0000000080000000,0x00000000a55013f0,0x00000000a5580000)
 Metaspace       used 86076K, committed 87680K, reserved 1179648K
  class space    used 10186K, committed 10880K, reserved 1048576K
}
Event: 256.549 GC heap after
{Heap after GC invocations=4099 (full 4):
 PSYoungGen      total 9216K, used 3872K [0x00000000d5580000, 0x00000000d6280000, 0x0000000100000000)
  eden space 5120K, 0% used [0x00000000d5580000,0x00000000d5580000,0x00000000d5a80000)
  from space 4096K, 94% used [0x00000000d5a80000,0x00000000d5e48000,0x00000000d5e80000)
  to   space 4096K, 0% used [0x00000000d5e80000,0x00000000d5e80000,0x00000000d6280000)
 ParOldGen       total 614400K, used 613907K [0x0000000080000000, 0x00000000a5800000, 0x00000000d5580000)
  object space 614400K, 99% used [0x0000000080000000,0x00000000a5784ca8,0x00000000a5800000)
 Metaspace       used 86076K, committed 87680K, reserved 1179648K
  class space    used 10186K, committed 10880K, reserved 1048576K
}
Event: 256.624 GC heap before
{Heap before GC invocations=4100 (full 4):
 PSYoungGen      total 9216K, used 8992K [0x00000000d5580000, 0x00000000d6280000, 0x0000000100000000)
  eden space 5120K, 100% used [0x00000000d5580000,0x00000000d5a80000,0x00000000d5a80000)
  from space 4096K, 94% used [0x00000000d5a80000,0x00000000d5e48000,0x00000000d5e80000)
  to   space 4096K, 0% used [0x00000000d5e80000,0x00000000d5e80000,0x00000000d6280000)
 ParOldGen       total 614400K, used 613907K [0x0000000080000000, 0x00000000a5800000, 0x00000000d5580000)
  object space 614400K, 99% used [0x0000000080000000,0x00000000a5784ca8,0x00000000a5800000)
 Metaspace       used 86240K, committed 87936K, reserved 1179648K
  class space    used 10214K, committed 10944K, reserved 1048576K
}
Event: 256.659 GC heap after
{Heap after GC invocations=4100 (full 4):
 PSYoungGen      total 9728K, used 3413K [0x00000000d5580000, 0x00000000d6280000, 0x0000000100000000)
  eden space 5632K, 0% used [0x00000000d5580000,0x00000000d5580000,0x00000000d5b00000)
  from space 4096K, 83% used [0x00000000d5e80000,0x00000000d61d5600,0x00000000d6280000)
  to   space 3584K, 0% used [0x00000000d5b00000,0x00000000d5b00000,0x00000000d5e80000)
 ParOldGen       total 617984K, used 617675K [0x0000000080000000, 0x00000000a5b80000, 0x00000000d5580000)
  object space 617984K, 99% used [0x0000000080000000,0x00000000a5b32ca8,0x00000000a5b80000)
 Metaspace       used 86240K, committed 87936K, reserved 1179648K
  class space    used 10214K, committed 10944K, reserved 1048576K
}
Event: 256.719 GC heap before
{Heap before GC invocations=4101 (full 4):
 PSYoungGen      total 9728K, used 8490K [0x00000000d5580000, 0x00000000d6280000, 0x0000000100000000)
  eden space 5632K, 90% used [0x00000000d5580000,0x00000000d5a75368,0x00000000d5b00000)
  from space 4096K, 83% used [0x00000000d5e80000,0x00000000d61d5600,0x00000000d6280000)
  to   space 3584K, 0% used [0x00000000d5b00000,0x00000000d5b00000,0x00000000d5e80000)
 ParOldGen       total 617984K, used 617675K [0x0000000080000000, 0x00000000a5b80000, 0x00000000d5580000)
  object space 617984K, 99% used [0x0000000080000000,0x00000000a5b32ca8,0x00000000a5b80000)
 Metaspace       used 86344K, committed 88064K, reserved 1179648K
  class space    used 10223K, committed 10944K, reserved 1048576K
}
Event: 256.742 GC heap after
{Heap after GC invocations=4101 (full 4):
 PSYoungGen      total 9216K, used 3574K [0x00000000d5580000, 0x00000000d6a80000, 0x0000000100000000)
  eden space 5632K, 0% used [0x00000000d5580000,0x00000000d5580000,0x00000000d5b00000)
  from space 3584K, 99% used [0x00000000d5b00000,0x00000000d5e7d800,0x00000000d5e80000)
  to   space 7168K, 0% used [0x00000000d6380000,0x00000000d6380000,0x00000000d6a80000)
 ParOldGen       total 620544K, used 620483K [0x0000000080000000, 0x00000000a5e00000, 0x00000000d5580000)
  object space 620544K, 99% used [0x0000000080000000,0x00000000a5df0ca8,0x00000000a5e00000)
 Metaspace       used 86344K, committed 88064K, reserved 1179648K
  class space    used 10223K, committed 10944K, reserved 1048576K
}
Event: 256.809 GC heap before
{Heap before GC invocations=4102 (full 4):
 PSYoungGen      total 9216K, used 9205K [0x00000000d5580000, 0x00000000d6a80000, 0x0000000100000000)
  eden space 5632K, 99% used [0x00000000d5580000,0x00000000d5affff0,0x00000000d5b00000)
  from space 3584K, 99% used [0x00000000d5b00000,0x00000000d5e7d800,0x00000000d5e80000)
  to   space 7168K, 0% used [0x00000000d6380000,0x00000000d6380000,0x00000000d6a80000)
 ParOldGen       total 620544K, used 620483K [0x0000000080000000, 0x00000000a5e00000, 0x00000000d5580000)
  object space 620544K, 99% used [0x0000000080000000,0x00000000a5df0ca8,0x00000000a5e00000)
 Metaspace       used 86413K, committed 88128K, reserved 1179648K
  class space    used 10226K, committed 10944K, reserved 1048576K
}
Event: 256.843 GC heap after
{Heap after GC invocations=4102 (full 4):
 PSYoungGen      total 11264K, used 3830K [0x00000000d5580000, 0x00000000d6780000, 0x0000000100000000)
  eden space 7168K, 0% used [0x00000000d5580000,0x00000000d5580000,0x00000000d5c80000)
  from space 4096K, 93% used [0x00000000d6380000,0x00000000d673dbc0,0x00000000d6780000)
  to   space 5120K, 0% used [0x00000000d5d80000,0x00000000d5d80000,0x00000000d6280000)
 ParOldGen       total 624128K, used 623994K [0x0000000080000000, 0x00000000a6180000, 0x00000000d5580000)
  object space 624128K, 99% used [0x0000000080000000,0x00000000a615e938,0x00000000a6180000)
 Metaspace       used 86413K, committed 88128K, reserved 1179648K
  class space    used 10226K, committed 10944K, reserved 1048576K
}
Event: 256.905 GC heap before
{Heap before GC invocations=4103 (full 4):
 PSYoungGen      total 11264K, used 10998K [0x00000000d5580000, 0x00000000d6780000, 0x0000000100000000)
  eden space 7168K, 100% used [0x00000000d5580000,0x00000000d5c80000,0x00000000d5c80000)
  from space 4096K, 93% used [0x00000000d6380000,0x00000000d673dbc0,0x00000000d6780000)
  to   space 5120K, 0% used [0x00000000d5d80000,0x00000000d5d80000,0x00000000d6280000)
 ParOldGen       total 624128K, used 623994K [0x0000000080000000, 0x00000000a6180000, 0x00000000d5580000)
  object space 624128K, 99% used [0x0000000080000000,0x00000000a615e938,0x00000000a6180000)
 Metaspace       used 86601K, committed 88256K, reserved 1179648K
  class space    used 10236K, committed 10944K, reserved 1048576K
}
Event: 256.938 GC heap after
{Heap after GC invocations=4103 (full 4):
 PSYoungGen      total 13312K, used 5091K [0x00000000d5580000, 0x00000000d6f00000, 0x0000000100000000)
  eden space 8192K, 0% used [0x00000000d5580000,0x00000000d5580000,0x00000000d5d80000)
  from space 5120K, 99% used [0x00000000d5d80000,0x00000000d6278dd0,0x00000000d6280000)
  to   space 8704K, 0% used [0x00000000d6680000,0x00000000d6680000,0x00000000d6f00000)
 ParOldGen       total 627200K, used 626720K [0x0000000080000000, 0x00000000a6480000, 0x00000000d5580000)
  object space 627200K, 99% used [0x0000000080000000,0x00000000a64080e0,0x00000000a6480000)
 Metaspace       used 86601K, committed 88256K, reserved 1179648K
  class space    used 10236K, committed 10944K, reserved 1048576K
}
Event: 257.024 GC heap before
{Heap before GC invocations=4104 (full 4):
 PSYoungGen      total 13312K, used 13283K [0x00000000d5580000, 0x00000000d6f00000, 0x0000000100000000)
  eden space 8192K, 100% used [0x00000000d5580000,0x00000000d5d80000,0x00000000d5d80000)
  from space 5120K, 99% used [0x00000000d5d80000,0x00000000d6278dd0,0x00000000d6280000)
  to   space 8704K, 0% used [0x00000000d6680000,0x00000000d6680000,0x00000000d6f00000)
 ParOldGen       total 627200K, used 626720K [0x0000000080000000, 0x00000000a6480000, 0x00000000d5580000)
  object space 627200K, 99% used [0x0000000080000000,0x00000000a64080e0,0x00000000a6480000)
 Metaspace       used 86850K, committed 88576K, reserved 1179648K
  class space    used 10249K, committed 11008K, reserved 1048576K
}

