# JRE version: OpenJDK Runtime Environment Temurin-21.0.10+7 (21.0.10+7) (build 21.0.10+7-LTS)
# Java VM: OpenJDK 64-Bit Server VM Temurin-21.0.10+7 (21.0.10+7-LTS, mixed mode, sharing, tiered, compressed oops, compressed class ptrs, parallel gc, windows-amd64)
GC Precious Log:
 CardTable entry size: 512
 CPUs: 20 total, 20 available
 Memory: 32439M
 Large Page Support: Disabled
 NUMA Support: Disabled
 Compressed Oops: Enabled (32-bit)
 Alignments: Space 512K, Generation 512K, Heap 2M
 Heap Min Capacity: 100M
 Heap Initial Capacity: 100M
 Heap Max Capacity: 2G
 Pre-touch: Disabled
 Parallel Workers: 15
Heap:
 PSYoungGen      total 8192K, used 5786K [0x00000000d5580000, 0x00000000d5e80000, 0x0000000100000000)
  eden space 7168K, 73% used [0x00000000d5580000,0x00000000d5aa6978,0x00000000d5c80000)
  from space 1024K, 50% used [0x00000000d5d80000,0x00000000d5e00000,0x00000000d5e80000)
  to   space 1024K, 0% used [0x00000000d5c80000,0x00000000d5c80000,0x00000000d5d80000)
 ParOldGen       total 1362944K, used 1362774K [0x0000000080000000, 0x00000000d3300000, 0x00000000d5580000)
  object space 1362944K, 99% used [0x0000000080000000,0x00000000d32d59f0,0x00000000d3300000)
 Metaspace       used 85686K, committed 87552K, reserved 1179648K
  class space    used 9903K, committed 10816K, reserved 1048576K
GC Heap History (20 events):
Event: 215.761 GC heap before
{Heap before GC invocations=4824 (full 4):
 PSYoungGen      total 7680K, used 7616K [0x00000000d5580000, 0x00000000d5e00000, 0x0000000100000000)
  eden space 7168K, 100% used [0x00000000d5580000,0x00000000d5c80000,0x00000000d5c80000)
  from space 512K, 87% used [0x00000000d5d80000,0x00000000d5df0000,0x00000000d5e00000)
  to   space 512K, 0% used [0x00000000d5d00000,0x00000000d5d00000,0x00000000d5d80000)
 ParOldGen       total 1360896K, used 1360799K [0x0000000080000000, 0x00000000d3100000, 0x00000000d5580000)
  object space 1360896K, 99% used [0x0000000080000000,0x00000000d30e7c30,0x00000000d3100000)
 Metaspace       used 85342K, committed 87168K, reserved 1179648K
  class space    used 9873K, committed 10752K, reserved 1048576K
}
Event: 215.762 GC heap after
{Heap after GC invocations=4824 (full 4):
 PSYoungGen      total 7680K, used 416K [0x00000000d5580000, 0x00000000d5e00000, 0x0000000100000000)
  eden space 7168K, 0% used [0x00000000d5580000,0x00000000d5580000,0x00000000d5c80000)
  from space 512K, 81% used [0x00000000d5d00000,0x00000000d5d68000,0x00000000d5d80000)
  to   space 512K, 0% used [0x00000000d5d80000,0x00000000d5d80000,0x00000000d5e00000)
 ParOldGen       total 1361408K, used 1360990K [0x0000000080000000, 0x00000000d3180000, 0x00000000d5580000)
  object space 1361408K, 99% used [0x0000000080000000,0x00000000d3117930,0x00000000d3180000)
 Metaspace       used 85342K, committed 87168K, reserved 1179648K
  class space    used 9873K, committed 10752K, reserved 1048576K
}
Event: 215.770 GC heap before
{Heap before GC invocations=4825 (full 4):
 PSYoungGen      total 7680K, used 7584K [0x00000000d5580000, 0x00000000d5e00000, 0x0000000100000000)
  eden space 7168K, 100% used [0x00000000d5580000,0x00000000d5c80000,0x00000000d5c80000)
  from space 512K, 81% used [0x00000000d5d00000,0x00000000d5d68000,0x00000000d5d80000)
  to   space 512K, 0% used [0x00000000d5d80000,0x00000000d5d80000,0x00000000d5e00000)
 ParOldGen       total 1361408K, used 1360990K [0x0000000080000000, 0x00000000d3180000, 0x00000000d5580000)
  object space 1361408K, 99% used [0x0000000080000000,0x00000000d3117930,0x00000000d3180000)
 Metaspace       used 85342K, committed 87168K, reserved 1179648K
  class space    used 9873K, committed 10752K, reserved 1048576K
}
Event: 215.772 GC heap after
{Heap after GC invocations=4825 (full 4):
 PSYoungGen      total 7680K, used 480K [0x00000000d5580000, 0x00000000d5e00000, 0x0000000100000000)
  eden space 7168K, 0% used [0x00000000d5580000,0x00000000d5580000,0x00000000d5c80000)
  from space 512K, 93% used [0x00000000d5d80000,0x00000000d5df8000,0x00000000d5e00000)
  to   space 512K, 0% used [0x00000000d5d00000,0x00000000d5d00000,0x00000000d5d80000)
 ParOldGen       total 1361408K, used 1361070K [0x0000000080000000, 0x00000000d3180000, 0x00000000d5580000)
  object space 1361408K, 99% used [0x0000000080000000,0x00000000d312b930,0x00000000d3180000)
 Metaspace       used 85342K, committed 87168K, reserved 1179648K
  class space    used 9873K, committed 10752K, reserved 1048576K
}
Event: 215.778 GC heap before
{Heap before GC invocations=4826 (full 4):
 PSYoungGen      total 7680K, used 7648K [0x00000000d5580000, 0x00000000d5e00000, 0x0000000100000000)
  eden space 7168K, 100% used [0x00000000d5580000,0x00000000d5c80000,0x00000000d5c80000)
  from space 512K, 93% used [0x00000000d5d80000,0x00000000d5df8000,0x00000000d5e00000)
  to   space 512K, 0% used [0x00000000d5d00000,0x00000000d5d00000,0x00000000d5d80000)
 ParOldGen       total 1361408K, used 1361070K [0x0000000080000000, 0x00000000d3180000, 0x00000000d5580000)
  object space 1361408K, 99% used [0x0000000080000000,0x00000000d312b930,0x00000000d3180000)
 Metaspace       used 85342K, committed 87168K, reserved 1179648K
  class space    used 9873K, committed 10752K, reserved 1048576K
}
Event: 215.780 GC heap after
{Heap after GC invocations=4826 (full 4):
 PSYoungGen      total 7680K, used 416K [0x00000000d5580000, 0x00000000d5e00000, 0x0000000100000000)
  eden space 7168K, 0% used [0x00000000d5580000,0x00000000d5580000,0x00000000d5c80000)
  from space 512K, 81% used [0x00000000d5d00000,0x00000000d5d68000,0x00000000d5d80000)
  to   space 512K, 0% used [0x00000000d5d80000,0x00000000d5d80000,0x00000000d5e00000)
 ParOldGen       total 1361408K, used 1361222K [0x0000000080000000, 0x00000000d3180000, 0x00000000d5580000)
  object space 1361408K, 99% used [0x0000000080000000,0x00000000d3151930,0x00000000d3180000)
 Metaspace       used 85342K, committed 87168K, reserved 1179648K
  class space    used 9873K, committed 10752K, reserved 1048576K
}
Event: 215.836 GC heap before
{Heap before GC invocations=4827 (full 4):
 PSYoungGen      total 7680K, used 7584K [0x00000000d5580000, 0x00000000d5e00000, 0x0000000100000000)
  eden space 7168K, 100% used [0x00000000d5580000,0x00000000d5c80000,0x00000000d5c80000)
  from space 512K, 81% used [0x00000000d5d00000,0x00000000d5d68000,0x00000000d5d80000)
  to   space 512K, 0% used [0x00000000d5d80000,0x00000000d5d80000,0x00000000d5e00000)
 ParOldGen       total 1361408K, used 1361222K [0x0000000080000000, 0x00000000d3180000, 0x00000000d5580000)
  object space 1361408K, 99% used [0x0000000080000000,0x00000000d3151930,0x00000000d3180000)
 Metaspace       used 85370K, committed 87232K, reserved 1179648K
  class space    used 9873K, committed 10752K, reserved 1048576K
}
Event: 215.837 GC heap after
{Heap after GC invocations=4827 (full 4):
 PSYoungGen      total 7680K, used 480K [0x00000000d5580000, 0x00000000d5e00000, 0x0000000100000000)
  eden space 7168K, 0% used [0x00000000d5580000,0x00000000d5580000,0x00000000d5c80000)
  from space 512K, 93% used [0x00000000d5d80000,0x00000000d5df8000,0x00000000d5e00000)
  to   space 512K, 0% used [0x00000000d5d00000,0x00000000d5d00000,0x00000000d5d80000)
 ParOldGen       total 1361920K, used 1361414K [0x0000000080000000, 0x00000000d3200000, 0x00000000d5580000)
  object space 1361920K, 99% used [0x0000000080000000,0x00000000d3181930,0x00000000d3200000)
 Metaspace       used 85370K, committed 87232K, reserved 1179648K
  class space    used 9873K, committed 10752K, reserved 1048576K
}
Event: 215.890 GC heap before
{Heap before GC invocations=4828 (full 4):
 PSYoungGen      total 7680K, used 7648K [0x00000000d5580000, 0x00000000d5e00000, 0x0000000100000000)
  eden space 7168K, 100% used [0x00000000d5580000,0x00000000d5c80000,0x00000000d5c80000)
  from space 512K, 93% used [0x00000000d5d80000,0x00000000d5df8000,0x00000000d5e00000)
  to   space 512K, 0% used [0x00000000d5d00000,0x00000000d5d00000,0x00000000d5d80000)
 ParOldGen       total 1361920K, used 1361414K [0x0000000080000000, 0x00000000d3200000, 0x00000000d5580000)
  object space 1361920K, 99% used [0x0000000080000000,0x00000000d3181930,0x00000000d3200000)
 Metaspace       used 85407K, committed 87232K, reserved 1179648K
  class space    used 9873K, committed 10752K, reserved 1048576K
}
Event: 215.892 GC heap after
{Heap after GC invocations=4828 (full 4):
 PSYoungGen      total 7680K, used 448K [0x00000000d5580000, 0x00000000d5e00000, 0x0000000100000000)
  eden space 7168K, 0% used [0x00000000d5580000,0x00000000d5580000,0x00000000d5c80000)
  from space 512K, 87% used [0x00000000d5d00000,0x00000000d5d70000,0x00000000d5d80000)
  to   space 512K, 0% used [0x00000000d5d80000,0x00000000d5d80000,0x00000000d5e00000)
 ParOldGen       total 1361920K, used 1361628K [0x0000000080000000, 0x00000000d3200000, 0x00000000d5580000)
  object space 1361920K, 99% used [0x0000000080000000,0x00000000d31b70f0,0x00000000d3200000)
 Metaspace       used 85407K, committed 87232K, reserved 1179648K
  class space    used 9873K, committed 10752K, reserved 1048576K
}
Event: 216.269 GC heap before
{Heap before GC invocations=4829 (full 4):
 PSYoungGen      total 7680K, used 7615K [0x00000000d5580000, 0x00000000d5e00000, 0x0000000100000000)
  eden space 7168K, 99% used [0x00000000d5580000,0x00000000d5c7fff0,0x00000000d5c80000)
  from space 512K, 87% used [0x00000000d5d00000,0x00000000d5d70000,0x00000000d5d80000)
  to   space 512K, 0% used [0x00000000d5d80000,0x00000000d5d80000,0x00000000d5e00000)
 ParOldGen       total 1361920K, used 1361628K [0x0000000080000000, 0x00000000d3200000, 0x00000000d5580000)
  object space 1361920K, 99% used [0x0000000080000000,0x00000000d31b70f0,0x00000000d3200000)
 Metaspace       used 85443K, committed 87296K, reserved 1179648K
  class space    used 9877K, committed 10752K, reserved 1048576K
}
Event: 216.271 GC heap after
{Heap after GC invocations=4829 (full 4):
 PSYoungGen      total 7680K, used 480K [0x00000000d5580000, 0x00000000d5e00000, 0x0000000100000000)
  eden space 7168K, 0% used [0x00000000d5580000,0x00000000d5580000,0x00000000d5c80000)
  from space 512K, 93% used [0x00000000d5d80000,0x00000000d5df8000,0x00000000d5e00000)
  to   space 512K, 0% used [0x00000000d5d00000,0x00000000d5d00000,0x00000000d5d80000)
 ParOldGen       total 1361920K, used 1361833K [0x0000000080000000, 0x00000000d3200000, 0x00000000d5580000)
  object space 1361920K, 99% used [0x0000000080000000,0x00000000d31ea570,0x00000000d3200000)
 Metaspace       used 85443K, committed 87296K, reserved 1179648K
  class space    used 9877K, committed 10752K, reserved 1048576K
}
Event: 216.513 GC heap before
{Heap before GC invocations=4830 (full 4):
 PSYoungGen      total 7680K, used 7648K [0x00000000d5580000, 0x00000000d5e00000, 0x0000000100000000)
  eden space 7168K, 100% used [0x00000000d5580000,0x00000000d5c80000,0x00000000d5c80000)
  from space 512K, 93% used [0x00000000d5d80000,0x00000000d5df8000,0x00000000d5e00000)
  to   space 512K, 0% used [0x00000000d5d00000,0x00000000d5d00000,0x00000000d5d80000)
 ParOldGen       total 1361920K, used 1361833K [0x0000000080000000, 0x00000000d3200000, 0x00000000d5580000)
  object space 1361920K, 99% used [0x0000000080000000,0x00000000d31ea570,0x00000000d3200000)
 Metaspace       used 85447K, committed 87296K, reserved 1179648K
  class space    used 9877K, committed 10752K, reserved 1048576K
}
Event: 216.515 GC heap after
{Heap after GC invocations=4830 (full 4):
 PSYoungGen      total 7680K, used 416K [0x00000000d5580000, 0x00000000d5e00000, 0x0000000100000000)
  eden space 7168K, 0% used [0x00000000d5580000,0x00000000d5580000,0x00000000d5c80000)
  from space 512K, 81% used [0x00000000d5d00000,0x00000000d5d68000,0x00000000d5d80000)
  to   space 512K, 0% used [0x00000000d5d80000,0x00000000d5d80000,0x00000000d5e00000)
 ParOldGen       total 1362432K, used 1361982K [0x0000000080000000, 0x00000000d3280000, 0x00000000d5580000)
  object space 1362432K, 99% used [0x0000000080000000,0x00000000d320f9f0,0x00000000d3280000)
 Metaspace       used 85447K, committed 87296K, reserved 1179648K
  class space    used 9877K, committed 10752K, reserved 1048576K
}
Event: 216.659 GC heap before
{Heap before GC invocations=4831 (full 4):
 PSYoungGen      total 7680K, used 7584K [0x00000000d5580000, 0x00000000d5e00000, 0x0000000100000000)
  eden space 7168K, 100% used [0x00000000d5580000,0x00000000d5c80000,0x00000000d5c80000)
  from space 512K, 81% used [0x00000000d5d00000,0x00000000d5d68000,0x00000000d5d80000)
  to   space 512K, 0% used [0x00000000d5d80000,0x00000000d5d80000,0x00000000d5e00000)
 ParOldGen       total 1362432K, used 1361982K [0x0000000080000000, 0x00000000d3280000, 0x00000000d5580000)
  object space 1362432K, 99% used [0x0000000080000000,0x00000000d320f9f0,0x00000000d3280000)
 Metaspace       used 85453K, committed 87296K, reserved 1179648K
  class space    used 9877K, committed 10752K, reserved 1048576K
}
Event: 216.660 GC heap after
{Heap after GC invocations=4831 (full 4):
 PSYoungGen      total 7680K, used 384K [0x00000000d5580000, 0x00000000d5e00000, 0x0000000100000000)
  eden space 7168K, 0% used [0x00000000d5580000,0x00000000d5580000,0x00000000d5c80000)
  from space 512K, 75% used [0x00000000d5d80000,0x00000000d5de0000,0x00000000d5e00000)
  to   space 512K, 0% used [0x00000000d5d00000,0x00000000d5d00000,0x00000000d5d80000)
 ParOldGen       total 1362432K, used 1362206K [0x0000000080000000, 0x00000000d3280000, 0x00000000d5580000)
  object space 1362432K, 99% used [0x0000000080000000,0x00000000d32479f0,0x00000000d3280000)
 Metaspace       used 85453K, committed 87296K, reserved 1179648K
  class space    used 9877K, committed 10752K, reserved 1048576K
}
Event: 307.314 GC heap before
{Heap before GC invocations=4832 (full 4):
 PSYoungGen      total 7680K, used 7552K [0x00000000d5580000, 0x00000000d5e00000, 0x0000000100000000)
  eden space 7168K, 100% used [0x00000000d5580000,0x00000000d5c80000,0x00000000d5c80000)
  from space 512K, 75% used [0x00000000d5d80000,0x00000000d5de0000,0x00000000d5e00000)
  to   space 512K, 0% used [0x00000000d5d00000,0x00000000d5d00000,0x00000000d5d80000)
 ParOldGen       total 1362432K, used 1362206K [0x0000000080000000, 0x00000000d3280000, 0x00000000d5580000)
  object space 1362432K, 99% used [0x0000000080000000,0x00000000d32479f0,0x00000000d3280000)
 Metaspace       used 85607K, committed 87424K, reserved 1179648K
  class space    used 9893K, committed 10752K, reserved 1048576K
}
Event: 307.320 GC heap after
{Heap after GC invocations=4832 (full 4):
 PSYoungGen      total 7680K, used 512K [0x00000000d5580000, 0x00000000d5e80000, 0x0000000100000000)
  eden space 7168K, 0% used [0x00000000d5580000,0x00000000d5580000,0x00000000d5c80000)
  from space 512K, 100% used [0x00000000d5d00000,0x00000000d5d80000,0x00000000d5d80000)
  to   space 1024K, 0% used [0x00000000d5d80000,0x00000000d5d80000,0x00000000d5e80000)
 ParOldGen       total 1362432K, used 1362430K [0x0000000080000000, 0x00000000d3280000, 0x00000000d5580000)
  object space 1362432K, 99% used [0x0000000080000000,0x00000000d327f9f0,0x00000000d3280000)
 Metaspace       used 85607K, committed 87424K, reserved 1179648K
  class space    used 9893K, committed 10752K, reserved 1048576K
}
Event: 307.833 GC heap before
{Heap before GC invocations=4833 (full 4):
 PSYoungGen      total 7680K, used 7680K [0x00000000d5580000, 0x00000000d5e80000, 0x0000000100000000)
  eden space 7168K, 100% used [0x00000000d5580000,0x00000000d5c80000,0x00000000d5c80000)
  from space 512K, 100% used [0x00000000d5d00000,0x00000000d5d80000,0x00000000d5d80000)
  to   space 1024K, 0% used [0x00000000d5d80000,0x00000000d5d80000,0x00000000d5e80000)
 ParOldGen       total 1362432K, used 1362430K [0x0000000080000000, 0x00000000d3280000, 0x00000000d5580000)
  object space 1362432K, 99% used [0x0000000080000000,0x00000000d327f9f0,0x00000000d3280000)
 Metaspace       used 85678K, committed 87552K, reserved 1179648K
  class space    used 9903K, committed 10816K, reserved 1048576K
}
Event: 307.838 GC heap after
{Heap after GC invocations=4833 (full 4):
 PSYoungGen      total 8192K, used 512K [0x00000000d5580000, 0x00000000d5e80000, 0x0000000100000000)
  eden space 7168K, 0% used [0x00000000d5580000,0x00000000d5580000,0x00000000d5c80000)
  from space 1024K, 50% used [0x00000000d5d80000,0x00000000d5e00000,0x00000000d5e80000)
  to   space 1024K, 0% used [0x00000000d5c80000,0x00000000d5c80000,0x00000000d5d80000)
 ParOldGen       total 1362944K, used 1362774K [0x0000000080000000, 0x00000000d3300000, 0x00000000d5580000)
  object space 1362944K, 99% used [0x0000000080000000,0x00000000d32d59f0,0x00000000d3300000)
 Metaspace       used 85678K, committed 87552K, reserved 1179648K
  class space    used 9903K, committed 10816K, reserved 1048576K
}

